[debug] [2023-05-21T14:02:42.379Z] ----------------------------------------------------------------------
[debug] [2023-05-21T14:02:42.382Z] Command:       /usr/local/bin/node /usr/local/bin/firebase deploy --only functions
[debug] [2023-05-21T14:02:42.382Z] CLI Version:   12.1.0
[debug] [2023-05-21T14:02:42.382Z] Platform:      darwin
[debug] [2023-05-21T14:02:42.383Z] Node Version:  v18.13.0
[debug] [2023-05-21T14:02:42.384Z] Time:          Sun May 21 2023 15:02:42 GMT+0100 (West Africa Standard Time)
[debug] [2023-05-21T14:02:42.384Z] ----------------------------------------------------------------------
[debug] 
[debug] [2023-05-21T14:02:42.464Z] > command requires scopes: ["email","openid","https://www.googleapis.com/auth/cloudplatformprojects.readonly","https://www.googleapis.com/auth/firebase","https://www.googleapis.com/auth/cloud-platform"]
[debug] [2023-05-21T14:02:42.465Z] > authorizing via signed-in user (hameed.jimoh1601@gmail.com)
[debug] [2023-05-21T14:02:42.465Z] [iam] checking project mealstogo-af12c for permissions ["cloudfunctions.functions.create","cloudfunctions.functions.delete","cloudfunctions.functions.get","cloudfunctions.functions.list","cloudfunctions.functions.update","cloudfunctions.operations.get","firebase.projects.get"]
[debug] [2023-05-21T14:02:42.467Z] > refreshing access token with scopes: []
[debug] [2023-05-21T14:02:42.469Z] >>> [apiv2][query] POST https://www.googleapis.com/oauth2/v3/token [none]
[debug] [2023-05-21T14:02:42.469Z] >>> [apiv2][body] POST https://www.googleapis.com/oauth2/v3/token [omitted]
[debug] [2023-05-21T14:02:43.317Z] <<< [apiv2][status] POST https://www.googleapis.com/oauth2/v3/token 200
[debug] [2023-05-21T14:02:43.318Z] <<< [apiv2][body] POST https://www.googleapis.com/oauth2/v3/token [omitted]
[debug] [2023-05-21T14:02:43.364Z] >>> [apiv2][query] POST https://cloudresourcemanager.googleapis.com/v1/projects/mealstogo-af12c:testIamPermissions [none]
[debug] [2023-05-21T14:02:43.364Z] >>> [apiv2][(partial)header] POST https://cloudresourcemanager.googleapis.com/v1/projects/mealstogo-af12c:testIamPermissions x-goog-quota-user=projects/mealstogo-af12c
[debug] [2023-05-21T14:02:43.364Z] >>> [apiv2][body] POST https://cloudresourcemanager.googleapis.com/v1/projects/mealstogo-af12c:testIamPermissions {"permissions":["cloudfunctions.functions.create","cloudfunctions.functions.delete","cloudfunctions.functions.get","cloudfunctions.functions.list","cloudfunctions.functions.update","cloudfunctions.operations.get","firebase.projects.get"]}
[debug] [2023-05-21T14:02:44.540Z] <<< [apiv2][status] POST https://cloudresourcemanager.googleapis.com/v1/projects/mealstogo-af12c:testIamPermissions 200
[debug] [2023-05-21T14:02:44.541Z] <<< [apiv2][body] POST https://cloudresourcemanager.googleapis.com/v1/projects/mealstogo-af12c:testIamPermissions {"permissions":["cloudfunctions.functions.create","cloudfunctions.functions.delete","cloudfunctions.functions.get","cloudfunctions.functions.list","cloudfunctions.functions.update","cloudfunctions.operations.get","firebase.projects.get"]}
[debug] [2023-05-21T14:02:44.541Z] >>> [apiv2][query] POST https://iam.googleapis.com/v1/projects/mealstogo-af12c/serviceAccounts/mealstogo-af12c@appspot.gserviceaccount.com:testIamPermissions [none]
[debug] [2023-05-21T14:02:44.541Z] >>> [apiv2][body] POST https://iam.googleapis.com/v1/projects/mealstogo-af12c/serviceAccounts/mealstogo-af12c@appspot.gserviceaccount.com:testIamPermissions {"permissions":["iam.serviceAccounts.actAs"]}
[debug] [2023-05-21T14:02:45.769Z] <<< [apiv2][status] POST https://iam.googleapis.com/v1/projects/mealstogo-af12c/serviceAccounts/mealstogo-af12c@appspot.gserviceaccount.com:testIamPermissions 200
[debug] [2023-05-21T14:02:45.769Z] <<< [apiv2][body] POST https://iam.googleapis.com/v1/projects/mealstogo-af12c/serviceAccounts/mealstogo-af12c@appspot.gserviceaccount.com:testIamPermissions {"permissions":["iam.serviceAccounts.actAs"]}
[info] 
[info] === Deploying to 'mealstogo-af12c'...
[info] 
[info] i  deploying functions 
[debug] [2023-05-21T14:02:45.774Z] >>> [apiv2][query] GET https://firebase.googleapis.com/v1beta1/projects/mealstogo-af12c [none]
[debug] [2023-05-21T14:02:46.395Z] <<< [apiv2][status] GET https://firebase.googleapis.com/v1beta1/projects/mealstogo-af12c 200
[debug] [2023-05-21T14:02:46.395Z] <<< [apiv2][body] GET https://firebase.googleapis.com/v1beta1/projects/mealstogo-af12c {"projectId":"mealstogo-af12c","projectNumber":"106162015833","displayName":"MealsToGo","name":"projects/mealstogo-af12c","resources":{"hostingSite":"mealstogo-af12c"},"state":"ACTIVE","etag":"1_04ca4e34-579c-454f-a2af-be25aa1db155"}
[info] i  functions: preparing codebase default for deployment 
[info] i  functions: ensuring required API cloudfunctions.googleapis.com is enabled... 
[info] i  functions: ensuring required API cloudbuild.googleapis.com is enabled... 
[info] i  artifactregistry: ensuring required API artifactregistry.googleapis.com is enabled... 
[debug] [2023-05-21T14:02:46.397Z] >>> [apiv2][query] GET https://serviceusage.googleapis.com/v1/projects/mealstogo-af12c/services/cloudfunctions.googleapis.com [none]
[debug] [2023-05-21T14:02:46.397Z] >>> [apiv2][(partial)header] GET https://serviceusage.googleapis.com/v1/projects/mealstogo-af12c/services/cloudfunctions.googleapis.com x-goog-quota-user=projects/mealstogo-af12c
[debug] [2023-05-21T14:02:46.399Z] >>> [apiv2][query] GET https://serviceusage.googleapis.com/v1/projects/mealstogo-af12c/services/runtimeconfig.googleapis.com [none]
[debug] [2023-05-21T14:02:46.399Z] >>> [apiv2][(partial)header] GET https://serviceusage.googleapis.com/v1/projects/mealstogo-af12c/services/runtimeconfig.googleapis.com x-goog-quota-user=projects/mealstogo-af12c
[debug] [2023-05-21T14:02:46.400Z] >>> [apiv2][query] GET https://serviceusage.googleapis.com/v1/projects/mealstogo-af12c/services/cloudbuild.googleapis.com [none]
[debug] [2023-05-21T14:02:46.401Z] >>> [apiv2][(partial)header] GET https://serviceusage.googleapis.com/v1/projects/mealstogo-af12c/services/cloudbuild.googleapis.com x-goog-quota-user=projects/mealstogo-af12c
[debug] [2023-05-21T14:02:46.402Z] >>> [apiv2][query] GET https://serviceusage.googleapis.com/v1/projects/mealstogo-af12c/services/artifactregistry.googleapis.com [none]
[debug] [2023-05-21T14:02:46.402Z] >>> [apiv2][(partial)header] GET https://serviceusage.googleapis.com/v1/projects/mealstogo-af12c/services/artifactregistry.googleapis.com x-goog-quota-user=projects/mealstogo-af12c
[debug] [2023-05-21T14:02:47.675Z] <<< [apiv2][status] GET https://serviceusage.googleapis.com/v1/projects/mealstogo-af12c/services/artifactregistry.googleapis.com 200
[debug] [2023-05-21T14:02:47.675Z] <<< [apiv2][body] GET https://serviceusage.googleapis.com/v1/projects/mealstogo-af12c/services/artifactregistry.googleapis.com [omitted]
[warn] ⚠  artifactregistry: missing required API artifactregistry.googleapis.com. Enabling now... 
[debug] [2023-05-21T14:02:47.675Z] >>> [apiv2][query] POST https://serviceusage.googleapis.com/v1/projects/mealstogo-af12c/services/artifactregistry.googleapis.com:enable [none]
[debug] [2023-05-21T14:02:47.676Z] >>> [apiv2][(partial)header] POST https://serviceusage.googleapis.com/v1/projects/mealstogo-af12c/services/artifactregistry.googleapis.com:enable x-goog-quota-user=projects/mealstogo-af12c
[debug] [2023-05-21T14:02:47.683Z] <<< [apiv2][status] GET https://serviceusage.googleapis.com/v1/projects/mealstogo-af12c/services/cloudfunctions.googleapis.com 200
[debug] [2023-05-21T14:02:47.683Z] <<< [apiv2][body] GET https://serviceusage.googleapis.com/v1/projects/mealstogo-af12c/services/cloudfunctions.googleapis.com [omitted]
[info] ✔  functions: required API cloudfunctions.googleapis.com is enabled 
[debug] [2023-05-21T14:02:47.706Z] <<< [apiv2][status] GET https://serviceusage.googleapis.com/v1/projects/mealstogo-af12c/services/cloudbuild.googleapis.com 200
[debug] [2023-05-21T14:02:47.706Z] <<< [apiv2][body] GET https://serviceusage.googleapis.com/v1/projects/mealstogo-af12c/services/cloudbuild.googleapis.com [omitted]
[warn] ⚠  functions: missing required API cloudbuild.googleapis.com. Enabling now... 
[debug] [2023-05-21T14:02:47.706Z] >>> [apiv2][query] POST https://serviceusage.googleapis.com/v1/projects/mealstogo-af12c/services/cloudbuild.googleapis.com:enable [none]
[debug] [2023-05-21T14:02:47.707Z] >>> [apiv2][(partial)header] POST https://serviceusage.googleapis.com/v1/projects/mealstogo-af12c/services/cloudbuild.googleapis.com:enable x-goog-quota-user=projects/mealstogo-af12c
[debug] [2023-05-21T14:02:47.729Z] <<< [apiv2][status] GET https://serviceusage.googleapis.com/v1/projects/mealstogo-af12c/services/runtimeconfig.googleapis.com 200
[debug] [2023-05-21T14:02:47.729Z] <<< [apiv2][body] GET https://serviceusage.googleapis.com/v1/projects/mealstogo-af12c/services/runtimeconfig.googleapis.com [omitted]
[debug] [2023-05-21T14:02:50.071Z] <<< [apiv2][status] POST https://serviceusage.googleapis.com/v1/projects/mealstogo-af12c/services/artifactregistry.googleapis.com:enable 200
[debug] [2023-05-21T14:02:50.071Z] <<< [apiv2][body] POST https://serviceusage.googleapis.com/v1/projects/mealstogo-af12c/services/artifactregistry.googleapis.com:enable [omitted]
[debug] [2023-05-21T14:02:50.072Z] <<< [apiv2][status] POST https://serviceusage.googleapis.com/v1/projects/mealstogo-af12c/services/cloudbuild.googleapis.com:enable 200
[debug] [2023-05-21T14:02:50.072Z] <<< [apiv2][body] POST https://serviceusage.googleapis.com/v1/projects/mealstogo-af12c/services/cloudbuild.googleapis.com:enable [omitted]
[debug] [2023-05-21T14:03:00.079Z] >>> [apiv2][query] GET https://serviceusage.googleapis.com/v1/projects/mealstogo-af12c/services/artifactregistry.googleapis.com [none]
[debug] [2023-05-21T14:03:00.079Z] >>> [apiv2][(partial)header] GET https://serviceusage.googleapis.com/v1/projects/mealstogo-af12c/services/artifactregistry.googleapis.com x-goog-quota-user=projects/mealstogo-af12c
[debug] [2023-05-21T14:03:00.083Z] >>> [apiv2][query] GET https://serviceusage.googleapis.com/v1/projects/mealstogo-af12c/services/cloudbuild.googleapis.com [none]
[debug] [2023-05-21T14:03:00.083Z] >>> [apiv2][(partial)header] GET https://serviceusage.googleapis.com/v1/projects/mealstogo-af12c/services/cloudbuild.googleapis.com x-goog-quota-user=projects/mealstogo-af12c
[debug] [2023-05-21T14:03:01.336Z] <<< [apiv2][status] GET https://serviceusage.googleapis.com/v1/projects/mealstogo-af12c/services/cloudbuild.googleapis.com 200
[debug] [2023-05-21T14:03:01.336Z] <<< [apiv2][body] GET https://serviceusage.googleapis.com/v1/projects/mealstogo-af12c/services/cloudbuild.googleapis.com [omitted]
[info] ✔  functions: required API cloudbuild.googleapis.com is enabled 
[debug] [2023-05-21T14:03:01.338Z] <<< [apiv2][status] GET https://serviceusage.googleapis.com/v1/projects/mealstogo-af12c/services/artifactregistry.googleapis.com 200
[debug] [2023-05-21T14:03:01.338Z] <<< [apiv2][body] GET https://serviceusage.googleapis.com/v1/projects/mealstogo-af12c/services/artifactregistry.googleapis.com [omitted]
[info] ✔  artifactregistry: required API artifactregistry.googleapis.com is enabled 
[debug] [2023-05-21T14:03:01.338Z] >>> [apiv2][query] GET https://firebase.googleapis.com/v1beta1/projects/mealstogo-af12c/adminSdkConfig [none]
[debug] [2023-05-21T14:03:01.955Z] <<< [apiv2][status] GET https://firebase.googleapis.com/v1beta1/projects/mealstogo-af12c/adminSdkConfig 200
[debug] [2023-05-21T14:03:01.955Z] <<< [apiv2][body] GET https://firebase.googleapis.com/v1beta1/projects/mealstogo-af12c/adminSdkConfig {"projectId":"mealstogo-af12c","storageBucket":"mealstogo-af12c.appspot.com"}
[debug] [2023-05-21T14:03:01.956Z] >>> [apiv2][query] GET https://runtimeconfig.googleapis.com/v1beta1/projects/mealstogo-af12c/configs [none]
[debug] [2023-05-21T14:03:02.655Z] <<< [apiv2][status] GET https://runtimeconfig.googleapis.com/v1beta1/projects/mealstogo-af12c/configs 200
[debug] [2023-05-21T14:03:02.656Z] <<< [apiv2][body] GET https://runtimeconfig.googleapis.com/v1beta1/projects/mealstogo-af12c/configs {}
[debug] [2023-05-21T14:03:02.659Z] Validating nodejs source
[debug] [2023-05-21T14:03:04.074Z] > [functions] package.json contents: {
  "name": "functions",
  "description": "Cloud Functions for Firebase",
  "scripts": {
    "serve": "firebase emulators:start --only functions",
    "shell": "firebase functions:shell",
    "start": "npm run shell",
    "deploy": "firebase deploy --only functions",
    "logs": "firebase functions:log"
  },
  "engines": {
    "node": "18"
  },
  "main": "index.js",
  "dependencies": {
    "cors": "^2.8.5",
    "firebase-admin": "^11.8.0",
    "firebase-functions": "^4.3.1"
  },
  "devDependencies": {
    "firebase-functions-test": "^3.1.0"
  },
  "private": true
}
[debug] [2023-05-21T14:03:04.074Z] Building nodejs source
[debug] [2023-05-21T14:03:04.075Z] Could not find functions.yaml. Must use http discovery
[debug] [2023-05-21T14:03:04.084Z] Found firebase-functions binary at '/Users/admin/Documents/mobile-projects/MealsToGo/functions/node_modules/.bin/firebase-functions'
[debug] [2023-05-21T14:03:04.345Z] Serving at port 8575

[debug] [2023-05-21T14:03:04.584Z] Got response from /__/functions.yaml {"endpoints":{"geoCode":{"availableMemoryMb":null,"timeoutSeconds":null,"minInstances":null,"maxInstances":null,"ingressSettings":null,"concurrency":null,"serviceAccountEmail":null,"vpc":null,"platform":"gcfv2","labels":{},"httpsTrigger":{},"entryPoint":"geoCode"},"placesNearby":{"availableMemoryMb":null,"timeoutSeconds":null,"minInstances":null,"maxInstances":null,"ingressSettings":null,"concurrency":null,"serviceAccountEmail":null,"vpc":null,"platform":"gcfv2","labels":{},"httpsTrigger":{},"entryPoint":"placesNearby"}},"specVersion":"v1alpha1","requiredAPIs":[]}
[debug] [2023-05-21T14:03:04.591Z] shutdown requested via /__/quitquitquit

[info] i  functions: preparing functions directory for uploading... 
[info] i  functions: packaged /Users/admin/Documents/mobile-projects/MealsToGo/functions (52.83 KB) for uploading 
[debug] [2023-05-21T14:03:04.737Z] >>> [apiv2][query] GET https://cloudfunctions.googleapis.com/v1/projects/mealstogo-af12c/locations/-/functions [none]
[debug] [2023-05-21T14:03:05.838Z] <<< [apiv2][status] GET https://cloudfunctions.googleapis.com/v1/projects/mealstogo-af12c/locations/-/functions 200
[debug] [2023-05-21T14:03:05.838Z] <<< [apiv2][body] GET https://cloudfunctions.googleapis.com/v1/projects/mealstogo-af12c/locations/-/functions {}
[debug] [2023-05-21T14:03:05.839Z] >>> [apiv2][query] GET https://cloudfunctions.googleapis.com/v2/projects/mealstogo-af12c/locations/-/functions filter=environment%3D%22GEN_2%22
[debug] [2023-05-21T14:03:07.172Z] <<< [apiv2][status] GET https://cloudfunctions.googleapis.com/v2/projects/mealstogo-af12c/locations/-/functions 200
[debug] [2023-05-21T14:03:07.172Z] <<< [apiv2][body] GET https://cloudfunctions.googleapis.com/v2/projects/mealstogo-af12c/locations/-/functions {}
[info] i  functions: ensuring required API run.googleapis.com is enabled... 
[info] i  functions: ensuring required API eventarc.googleapis.com is enabled... 
[info] i  functions: ensuring required API pubsub.googleapis.com is enabled... 
[info] i  functions: ensuring required API storage.googleapis.com is enabled... 
[debug] [2023-05-21T14:03:07.176Z] >>> [apiv2][query] GET https://serviceusage.googleapis.com/v1/projects/mealstogo-af12c/services/run.googleapis.com [none]
[debug] [2023-05-21T14:03:07.176Z] >>> [apiv2][(partial)header] GET https://serviceusage.googleapis.com/v1/projects/mealstogo-af12c/services/run.googleapis.com x-goog-quota-user=projects/mealstogo-af12c
[debug] [2023-05-21T14:03:07.178Z] >>> [apiv2][query] GET https://serviceusage.googleapis.com/v1/projects/mealstogo-af12c/services/eventarc.googleapis.com [none]
[debug] [2023-05-21T14:03:07.178Z] >>> [apiv2][(partial)header] GET https://serviceusage.googleapis.com/v1/projects/mealstogo-af12c/services/eventarc.googleapis.com x-goog-quota-user=projects/mealstogo-af12c
[debug] [2023-05-21T14:03:07.180Z] >>> [apiv2][query] GET https://serviceusage.googleapis.com/v1/projects/mealstogo-af12c/services/pubsub.googleapis.com [none]
[debug] [2023-05-21T14:03:07.181Z] >>> [apiv2][(partial)header] GET https://serviceusage.googleapis.com/v1/projects/mealstogo-af12c/services/pubsub.googleapis.com x-goog-quota-user=projects/mealstogo-af12c
[debug] [2023-05-21T14:03:07.183Z] >>> [apiv2][query] GET https://serviceusage.googleapis.com/v1/projects/mealstogo-af12c/services/storage.googleapis.com [none]
[debug] [2023-05-21T14:03:07.183Z] >>> [apiv2][(partial)header] GET https://serviceusage.googleapis.com/v1/projects/mealstogo-af12c/services/storage.googleapis.com x-goog-quota-user=projects/mealstogo-af12c
[debug] [2023-05-21T14:03:08.503Z] <<< [apiv2][status] GET https://serviceusage.googleapis.com/v1/projects/mealstogo-af12c/services/eventarc.googleapis.com 200
[debug] [2023-05-21T14:03:08.503Z] <<< [apiv2][body] GET https://serviceusage.googleapis.com/v1/projects/mealstogo-af12c/services/eventarc.googleapis.com [omitted]
[warn] ⚠  functions: missing required API eventarc.googleapis.com. Enabling now... 
[debug] [2023-05-21T14:03:08.504Z] >>> [apiv2][query] POST https://serviceusage.googleapis.com/v1/projects/mealstogo-af12c/services/eventarc.googleapis.com:enable [none]
[debug] [2023-05-21T14:03:08.504Z] >>> [apiv2][(partial)header] POST https://serviceusage.googleapis.com/v1/projects/mealstogo-af12c/services/eventarc.googleapis.com:enable x-goog-quota-user=projects/mealstogo-af12c
[debug] [2023-05-21T14:03:08.507Z] <<< [apiv2][status] GET https://serviceusage.googleapis.com/v1/projects/mealstogo-af12c/services/storage.googleapis.com 200
[debug] [2023-05-21T14:03:08.507Z] <<< [apiv2][body] GET https://serviceusage.googleapis.com/v1/projects/mealstogo-af12c/services/storage.googleapis.com [omitted]
[info] ✔  functions: required API storage.googleapis.com is enabled 
[debug] [2023-05-21T14:03:08.509Z] <<< [apiv2][status] GET https://serviceusage.googleapis.com/v1/projects/mealstogo-af12c/services/pubsub.googleapis.com 200
[debug] [2023-05-21T14:03:08.509Z] <<< [apiv2][body] GET https://serviceusage.googleapis.com/v1/projects/mealstogo-af12c/services/pubsub.googleapis.com [omitted]
[info] ✔  functions: required API pubsub.googleapis.com is enabled 
[debug] [2023-05-21T14:03:08.511Z] <<< [apiv2][status] GET https://serviceusage.googleapis.com/v1/projects/mealstogo-af12c/services/run.googleapis.com 200
[debug] [2023-05-21T14:03:08.512Z] <<< [apiv2][body] GET https://serviceusage.googleapis.com/v1/projects/mealstogo-af12c/services/run.googleapis.com [omitted]
[warn] ⚠  functions: missing required API run.googleapis.com. Enabling now... 
[debug] [2023-05-21T14:03:08.512Z] >>> [apiv2][query] POST https://serviceusage.googleapis.com/v1/projects/mealstogo-af12c/services/run.googleapis.com:enable [none]
[debug] [2023-05-21T14:03:08.512Z] >>> [apiv2][(partial)header] POST https://serviceusage.googleapis.com/v1/projects/mealstogo-af12c/services/run.googleapis.com:enable x-goog-quota-user=projects/mealstogo-af12c
[debug] [2023-05-21T14:03:10.545Z] <<< [apiv2][status] POST https://serviceusage.googleapis.com/v1/projects/mealstogo-af12c/services/eventarc.googleapis.com:enable 200
[debug] [2023-05-21T14:03:10.546Z] <<< [apiv2][body] POST https://serviceusage.googleapis.com/v1/projects/mealstogo-af12c/services/eventarc.googleapis.com:enable [omitted]
[debug] [2023-05-21T14:03:10.571Z] <<< [apiv2][status] POST https://serviceusage.googleapis.com/v1/projects/mealstogo-af12c/services/run.googleapis.com:enable 200
[debug] [2023-05-21T14:03:10.571Z] <<< [apiv2][body] POST https://serviceusage.googleapis.com/v1/projects/mealstogo-af12c/services/run.googleapis.com:enable [omitted]
[debug] [2023-05-21T14:03:20.549Z] >>> [apiv2][query] GET https://serviceusage.googleapis.com/v1/projects/mealstogo-af12c/services/eventarc.googleapis.com [none]
[debug] [2023-05-21T14:03:20.549Z] >>> [apiv2][(partial)header] GET https://serviceusage.googleapis.com/v1/projects/mealstogo-af12c/services/eventarc.googleapis.com x-goog-quota-user=projects/mealstogo-af12c
[debug] [2023-05-21T14:03:20.571Z] >>> [apiv2][query] GET https://serviceusage.googleapis.com/v1/projects/mealstogo-af12c/services/run.googleapis.com [none]
[debug] [2023-05-21T14:03:20.571Z] >>> [apiv2][(partial)header] GET https://serviceusage.googleapis.com/v1/projects/mealstogo-af12c/services/run.googleapis.com x-goog-quota-user=projects/mealstogo-af12c
[debug] [2023-05-21T14:03:21.712Z] <<< [apiv2][status] GET https://serviceusage.googleapis.com/v1/projects/mealstogo-af12c/services/eventarc.googleapis.com 200
[debug] [2023-05-21T14:03:21.712Z] <<< [apiv2][body] GET https://serviceusage.googleapis.com/v1/projects/mealstogo-af12c/services/eventarc.googleapis.com [omitted]
[info] ✔  functions: required API eventarc.googleapis.com is enabled 
[debug] [2023-05-21T14:03:21.716Z] <<< [apiv2][status] GET https://serviceusage.googleapis.com/v1/projects/mealstogo-af12c/services/run.googleapis.com 200
[debug] [2023-05-21T14:03:21.716Z] <<< [apiv2][body] GET https://serviceusage.googleapis.com/v1/projects/mealstogo-af12c/services/run.googleapis.com [omitted]
[info] ✔  functions: required API run.googleapis.com is enabled 
[info] i  functions: generating the service identity for pubsub.googleapis.com... 
[info] i  functions: generating the service identity for eventarc.googleapis.com... 
[debug] [2023-05-21T14:03:21.718Z] >>> [apiv2][query] POST https://serviceusage.googleapis.com/v1beta1/projects/106162015833/services/pubsub.googleapis.com:generateServiceIdentity [none]
[debug] [2023-05-21T14:03:21.720Z] >>> [apiv2][query] POST https://serviceusage.googleapis.com/v1beta1/projects/106162015833/services/eventarc.googleapis.com:generateServiceIdentity [none]
[debug] [2023-05-21T14:03:23.244Z] <<< [apiv2][status] POST https://serviceusage.googleapis.com/v1beta1/projects/106162015833/services/pubsub.googleapis.com:generateServiceIdentity 200
[debug] [2023-05-21T14:03:23.244Z] <<< [apiv2][body] POST https://serviceusage.googleapis.com/v1beta1/projects/106162015833/services/pubsub.googleapis.com:generateServiceIdentity {"name":"operations/finished.DONE_OPERATION","done":true,"response":{"@type":"type.googleapis.com/google.api.serviceusage.v1beta1.ServiceIdentity","email":"service-106162015833@gcp-sa-pubsub.iam.gserviceaccount.com","uniqueId":"103419422832043636755"}}
[debug] [2023-05-21T14:03:23.245Z] <<< [apiv2][status] POST https://serviceusage.googleapis.com/v1beta1/projects/106162015833/services/eventarc.googleapis.com:generateServiceIdentity 200
[debug] [2023-05-21T14:03:23.245Z] <<< [apiv2][body] POST https://serviceusage.googleapis.com/v1beta1/projects/106162015833/services/eventarc.googleapis.com:generateServiceIdentity {"name":"operations/finished.DONE_OPERATION","done":true,"response":{"@type":"type.googleapis.com/google.api.serviceusage.v1beta1.ServiceIdentity","email":"service-106162015833@gcp-sa-eventarc.iam.gserviceaccount.com","uniqueId":"106717973051731262714"}}
[debug] [2023-05-21T14:03:23.247Z] >>> [apiv2][query] GET https://firebase.googleapis.com/v1beta1/projects/mealstogo-af12c [none]
[debug] [2023-05-21T14:03:23.857Z] <<< [apiv2][status] GET https://firebase.googleapis.com/v1beta1/projects/mealstogo-af12c 200
[debug] [2023-05-21T14:03:23.857Z] <<< [apiv2][body] GET https://firebase.googleapis.com/v1beta1/projects/mealstogo-af12c {"projectId":"mealstogo-af12c","projectNumber":"106162015833","displayName":"MealsToGo","name":"projects/mealstogo-af12c","resources":{"hostingSite":"mealstogo-af12c"},"state":"ACTIVE","etag":"1_04ca4e34-579c-454f-a2af-be25aa1db155"}
[debug] [2023-05-21T14:03:23.859Z] [functions] found 2 new HTTP functions, testing setIamPolicy permission...
[debug] [2023-05-21T14:03:23.859Z] >>> [apiv2][query] POST https://cloudresourcemanager.googleapis.com/v1/projects/mealstogo-af12c:testIamPermissions [none]
[debug] [2023-05-21T14:03:23.859Z] >>> [apiv2][(partial)header] POST https://cloudresourcemanager.googleapis.com/v1/projects/mealstogo-af12c:testIamPermissions x-goog-quota-user=projects/mealstogo-af12c
[debug] [2023-05-21T14:03:23.859Z] >>> [apiv2][body] POST https://cloudresourcemanager.googleapis.com/v1/projects/mealstogo-af12c:testIamPermissions {"permissions":["cloudfunctions.functions.setIamPolicy"]}
[debug] [2023-05-21T14:03:25.093Z] <<< [apiv2][status] POST https://cloudresourcemanager.googleapis.com/v1/projects/mealstogo-af12c:testIamPermissions 200
[debug] [2023-05-21T14:03:25.093Z] <<< [apiv2][body] POST https://cloudresourcemanager.googleapis.com/v1/projects/mealstogo-af12c:testIamPermissions {"permissions":["cloudfunctions.functions.setIamPolicy"]}
[debug] [2023-05-21T14:03:25.093Z] [functions] found setIamPolicy permission, proceeding with deploy
[debug] [2023-05-21T14:03:25.094Z] >>> [apiv2][query] POST https://cloudfunctions.googleapis.com/v2/projects/mealstogo-af12c/locations/us-central1/functions:generateUploadUrl [none]
[debug] [2023-05-21T14:03:27.395Z] <<< [apiv2][status] POST https://cloudfunctions.googleapis.com/v2/projects/mealstogo-af12c/locations/us-central1/functions:generateUploadUrl 200
[debug] [2023-05-21T14:03:27.395Z] <<< [apiv2][body] POST https://cloudfunctions.googleapis.com/v2/projects/mealstogo-af12c/locations/us-central1/functions:generateUploadUrl {"uploadUrl":"https://storage.googleapis.com/gcf-v2-uploads-106162015833-us-central1/ab9afe1f-e732-4eed-9acd-daa403f74683.zip?GoogleAccessId=service-106162015833@gcf-admin-robot.iam.gserviceaccount.com&Expires=1684679608&Signature=TdSujxutKQDw5sVWlnysUH%2FMARSJz9RzKhBpKoSyBCVYgTShFjfVWPuSQwA7PbFLvGK8y7FCYhaTF%2FpNCWZDgJnJwh0Lsv4Px3L7qcIcUd%2FfVyMdJNVt5Ez6uPUUBx4eR5C%2FFjKYbPCLADxcsiTwm1ADSUBEY4Q%2BPDmOyNtR6xrCsZErhakBkfMajR79tJIx3OEYPoeTXWEktmMMpWtbZXvwxppEZ7T6jChyIXOBu3ICNxCa0OAIZkuxiVt0RRDYKpURlqCJR63kyRC4VkEcpPYDGMT7RYJBJZUpB8pD1cyP9D5Lb5qQZb8WnAIsCbYth3OU1Ls0FJtm0HETZJ5uzA%3D%3D","storageSource":{"bucket":"gcf-v2-uploads-106162015833-us-central1","object":"ab9afe1f-e732-4eed-9acd-daa403f74683.zip"}}
[debug] [2023-05-21T14:03:27.397Z] >>> [apiv2][query] PUT https://storage.googleapis.com/gcf-v2-uploads-106162015833-us-central1/ab9afe1f-e732-4eed-9acd-daa403f74683.zip GoogleAccessId=service-106162015833%40gcf-admin-robot.iam.gserviceaccount.com&Expires=1684679608&Signature=TdSujxutKQDw5sVWlnysUH%2FMARSJz9RzKhBpKoSyBCVYgTShFjfVWPuSQwA7PbFLvGK8y7FCYhaTF%2FpNCWZDgJnJwh0Lsv4Px3L7qcIcUd%2FfVyMdJNVt5Ez6uPUUBx4eR5C%2FFjKYbPCLADxcsiTwm1ADSUBEY4Q%2BPDmOyNtR6xrCsZErhakBkfMajR79tJIx3OEYPoeTXWEktmMMpWtbZXvwxppEZ7T6jChyIXOBu3ICNxCa0OAIZkuxiVt0RRDYKpURlqCJR63kyRC4VkEcpPYDGMT7RYJBJZUpB8pD1cyP9D5Lb5qQZb8WnAIsCbYth3OU1Ls0FJtm0HETZJ5uzA%3D%3D
[debug] [2023-05-21T14:03:27.397Z] >>> [apiv2][body] PUT https://storage.googleapis.com/gcf-v2-uploads-106162015833-us-central1/ab9afe1f-e732-4eed-9acd-daa403f74683.zip [stream]
[debug] [2023-05-21T14:03:28.320Z] <<< [apiv2][status] PUT https://storage.googleapis.com/gcf-v2-uploads-106162015833-us-central1/ab9afe1f-e732-4eed-9acd-daa403f74683.zip 200
[debug] [2023-05-21T14:03:28.320Z] <<< [apiv2][body] PUT https://storage.googleapis.com/gcf-v2-uploads-106162015833-us-central1/ab9afe1f-e732-4eed-9acd-daa403f74683.zip [omitted]
[info] ✔  functions: functions folder uploaded successfully 
[info] i  functions: creating Node.js 18 function geoCode(us-central1)... 
[info] i  functions: creating Node.js 18 function placesNearby(us-central1)... 
[debug] [2023-05-21T14:03:28.327Z] >>> [apiv2][query] POST https://cloudfunctions.googleapis.com/v2/projects/mealstogo-af12c/locations/us-central1/functions functionId=geoCode
[debug] [2023-05-21T14:03:28.327Z] >>> [apiv2][body] POST https://cloudfunctions.googleapis.com/v2/projects/mealstogo-af12c/locations/us-central1/functions {"name":"projects/mealstogo-af12c/locations/us-central1/functions/geoCode","buildConfig":{"runtime":"nodejs18","entryPoint":"geoCode","source":{"storageSource":{"bucket":"gcf-v2-uploads-106162015833-us-central1","object":"ab9afe1f-e732-4eed-9acd-daa403f74683.zip"}},"environmentVariables":{"GOOGLE_NODE_RUN_SCRIPTS":""}},"serviceConfig":{"environmentVariables":{"FIREBASE_CONFIG":"{\"projectId\":\"mealstogo-af12c\",\"storageBucket\":\"mealstogo-af12c.appspot.com\"}","GCLOUD_PROJECT":"mealstogo-af12c","EVENTARC_CLOUD_EVENT_SOURCE":"projects/mealstogo-af12c/locations/us-central1/services/geoCode"},"ingressSettings":null,"timeoutSeconds":null,"serviceAccountEmail":null,"availableMemory":"256Mi","minInstanceCount":null,"maxInstanceCount":null,"maxInstanceRequestConcurrency":80,"availableCpu":"1","vpcConnector":null,"vpcConnectorEgressSettings":null},"labels":{"deployment-tool":"cli-firebase","firebase-functions-hash":"6892d25b6a7727ab01db779dfba1c36742f871be"}}
[debug] [2023-05-21T14:03:28.329Z] >>> [apiv2][query] POST https://cloudfunctions.googleapis.com/v2/projects/mealstogo-af12c/locations/us-central1/functions functionId=placesNearby
[debug] [2023-05-21T14:03:28.329Z] >>> [apiv2][body] POST https://cloudfunctions.googleapis.com/v2/projects/mealstogo-af12c/locations/us-central1/functions {"name":"projects/mealstogo-af12c/locations/us-central1/functions/placesNearby","buildConfig":{"runtime":"nodejs18","entryPoint":"placesNearby","source":{"storageSource":{"bucket":"gcf-v2-uploads-106162015833-us-central1","object":"ab9afe1f-e732-4eed-9acd-daa403f74683.zip"}},"environmentVariables":{"GOOGLE_NODE_RUN_SCRIPTS":""}},"serviceConfig":{"environmentVariables":{"FIREBASE_CONFIG":"{\"projectId\":\"mealstogo-af12c\",\"storageBucket\":\"mealstogo-af12c.appspot.com\"}","GCLOUD_PROJECT":"mealstogo-af12c","EVENTARC_CLOUD_EVENT_SOURCE":"projects/mealstogo-af12c/locations/us-central1/services/placesNearby"},"ingressSettings":null,"timeoutSeconds":null,"serviceAccountEmail":null,"availableMemory":"256Mi","minInstanceCount":null,"maxInstanceCount":null,"maxInstanceRequestConcurrency":80,"availableCpu":"1","vpcConnector":null,"vpcConnectorEgressSettings":null},"labels":{"deployment-tool":"cli-firebase","firebase-functions-hash":"6892d25b6a7727ab01db779dfba1c36742f871be"}}
[debug] [2023-05-21T14:03:29.798Z] <<< [apiv2][status] POST https://cloudfunctions.googleapis.com/v2/projects/mealstogo-af12c/locations/us-central1/functions 400
[debug] [2023-05-21T14:03:29.798Z] <<< [apiv2][body] POST https://cloudfunctions.googleapis.com/v2/projects/mealstogo-af12c/locations/us-central1/functions {"error":{"code":400,"message":"Could not create Cloud Run service geocode. spec.template.spec.containers.resources.limits.cpu: Invalid value specified for cpu. For the specified value, maxScale may not exceed 10.\nConsider running your workload in a region with greater capacity, decreasing your requested cpu-per-instance, or requesting an increase in quota for this region if you are seeing sustained usage near this limit, see https://cloud.google.com/run/quotas. Your project may gain access to further scaling by adding billing information to your account.","status":"INVALID_ARGUMENT"}}
[warn] ⚠  functions: HTTP Error: 400, Could not create Cloud Run service geocode. spec.template.spec.containers.resources.limits.cpu: Invalid value specified for cpu. For the specified value, maxScale may not exceed 10.
Consider running your workload in a region with greater capacity, decreasing your requested cpu-per-instance, or requesting an increase in quota for this region if you are seeing sustained usage near this limit, see https://cloud.google.com/run/quotas. Your project may gain access to further scaling by adding billing information to your account. 
[warn] ⚠  functions: failed to create function projects/mealstogo-af12c/locations/us-central1/functions/geoCode 
[error] Failed to create function projects/mealstogo-af12c/locations/us-central1/functions/geoCode
[debug] [2023-05-21T14:03:29.821Z] <<< [apiv2][status] POST https://cloudfunctions.googleapis.com/v2/projects/mealstogo-af12c/locations/us-central1/functions 400
[debug] [2023-05-21T14:03:29.821Z] <<< [apiv2][body] POST https://cloudfunctions.googleapis.com/v2/projects/mealstogo-af12c/locations/us-central1/functions {"error":{"code":400,"message":"Could not create Cloud Run service placesnearby. spec.template.spec.containers.resources.limits.cpu: Invalid value specified for cpu. For the specified value, maxScale may not exceed 10.\nConsider running your workload in a region with greater capacity, decreasing your requested cpu-per-instance, or requesting an increase in quota for this region if you are seeing sustained usage near this limit, see https://cloud.google.com/run/quotas. Your project may gain access to further scaling by adding billing information to your account.","status":"INVALID_ARGUMENT"}}
[warn] ⚠  functions: HTTP Error: 400, Could not create Cloud Run service placesnearby. spec.template.spec.containers.resources.limits.cpu: Invalid value specified for cpu. For the specified value, maxScale may not exceed 10.
Consider running your workload in a region with greater capacity, decreasing your requested cpu-per-instance, or requesting an increase in quota for this region if you are seeing sustained usage near this limit, see https://cloud.google.com/run/quotas. Your project may gain access to further scaling by adding billing information to your account. 
[warn] ⚠  functions: failed to create function projects/mealstogo-af12c/locations/us-central1/functions/placesNearby 
[error] Failed to create function projects/mealstogo-af12c/locations/us-central1/functions/placesNearby
[debug] [2023-05-21T14:03:29.823Z] Total Function Deployment time: 1498
[debug] [2023-05-21T14:03:29.823Z] 2 Functions Deployed
[debug] [2023-05-21T14:03:29.823Z] 2 Functions Errored
[debug] [2023-05-21T14:03:29.823Z] 0 Function Deployments Aborted
[debug] [2023-05-21T14:03:29.823Z] Average Function Deployment time: 1485.5
[info] 
[info] Functions deploy had errors with the following functions:
	geoCode(us-central1)
	placesNearby(us-central1)
[debug] [2023-05-21T14:03:29.826Z] Not printing URL for HTTPS function. Typically this means it didn't match a filter or we failed deployment
[debug] [2023-05-21T14:03:29.826Z] Not printing URL for HTTPS function. Typically this means it didn't match a filter or we failed deployment
[info] i  functions: cleaning up build files... 
[debug] [2023-05-21T14:03:29.831Z] >>> [apiv2][query] DELETE https://artifactregistry.googleapis.com/v1beta2/projects/mealstogo-af12c/locations/us-central1/repositories/gcf-artifacts/packages/geo_code [none]
[debug] [2023-05-21T14:03:29.832Z] >>> [apiv2][query] DELETE https://artifactregistry.googleapis.com/v1beta2/projects/mealstogo-af12c/locations/us-central1/repositories/gcf-artifacts/packages/places_nearby [none]
[debug] [2023-05-21T14:03:29.833Z] >>> [apiv2][query] GET https://us.gcr.io/v2/mealstogo-af12c/gcf/us-central1/tags/list [none]
[debug] [2023-05-21T14:03:31.233Z] <<< [apiv2][status] DELETE https://artifactregistry.googleapis.com/v1beta2/projects/mealstogo-af12c/locations/us-central1/repositories/gcf-artifacts/packages/places_nearby 404
[debug] [2023-05-21T14:03:31.233Z] <<< [apiv2][body] DELETE https://artifactregistry.googleapis.com/v1beta2/projects/mealstogo-af12c/locations/us-central1/repositories/gcf-artifacts/packages/places_nearby {"error":{"code":404,"message":"Package \"projects/mealstogo-af12c/locations/us-central1/repositories/gcf-artifacts/packages/places_nearby\" was not found.","status":"NOT_FOUND"}}
[debug] [2023-05-21T14:03:31.233Z] <<< [apiv2][status] DELETE https://artifactregistry.googleapis.com/v1beta2/projects/mealstogo-af12c/locations/us-central1/repositories/gcf-artifacts/packages/geo_code 404
[debug] [2023-05-21T14:03:31.233Z] <<< [apiv2][body] DELETE https://artifactregistry.googleapis.com/v1beta2/projects/mealstogo-af12c/locations/us-central1/repositories/gcf-artifacts/packages/geo_code {"error":{"code":404,"message":"Package \"projects/mealstogo-af12c/locations/us-central1/repositories/gcf-artifacts/packages/geo_code\" was not found.","status":"NOT_FOUND"}}
[debug] [2023-05-21T14:03:32.665Z] <<< [apiv2][status] GET https://us.gcr.io/v2/mealstogo-af12c/gcf/us-central1/tags/list 200
[debug] [2023-05-21T14:03:32.665Z] <<< [apiv2][body] GET https://us.gcr.io/v2/mealstogo-af12c/gcf/us-central1/tags/list {"child":[],"manifest":{},"name":"mealstogo-af12c/gcf/us-central1","tags":[]}
[debug] [2023-05-21T14:03:32.665Z] Could not find image for function projects/mealstogo-af12c/locations/us-central1/functions/geoCode
[debug] [2023-05-21T14:03:32.665Z] Could not find image for function projects/mealstogo-af12c/locations/us-central1/functions/placesNearby
[debug] [2023-05-21T14:03:32.666Z] Functions deploy failed.
[debug] [2023-05-21T14:03:32.666Z] {
  "endpoint": {
    "id": "geoCode",
    "project": "mealstogo-af12c",
    "region": "us-central1",
    "entryPoint": "geoCode",
    "platform": "gcfv2",
    "runtime": "nodejs18",
    "httpsTrigger": {},
    "labels": {
      "deployment-tool": "cli-firebase"
    },
    "serviceAccount": null,
    "ingressSettings": null,
    "availableMemoryMb": null,
    "timeoutSeconds": null,
    "maxInstances": null,
    "minInstances": null,
    "concurrency": 80,
    "vpc": null,
    "environmentVariables": {
      "FIREBASE_CONFIG": "{\"projectId\":\"mealstogo-af12c\",\"storageBucket\":\"mealstogo-af12c.appspot.com\"}",
      "GCLOUD_PROJECT": "mealstogo-af12c",
      "EVENTARC_CLOUD_EVENT_SOURCE": "projects/mealstogo-af12c/locations/us-central1/services/geoCode"
    },
    "codebase": "default",
    "cpu": 1,
    "targetedByOnly": false,
    "hash": "6892d25b6a7727ab01db779dfba1c36742f871be"
  },
  "op": "create",
  "original": {
    "name": "FirebaseError",
    "children": [],
    "context": {
      "function": "projects/mealstogo-af12c/locations/us-central1/functions/geoCode"
    },
    "exit": 1,
    "message": "Failed to create function projects/mealstogo-af12c/locations/us-central1/functions/geoCode",
    "original": {
      "name": "FirebaseError",
      "children": [],
      "context": {
        "body": {
          "error": {
            "code": 400,
            "message": "Could not create Cloud Run service geocode. spec.template.spec.containers.resources.limits.cpu: Invalid value specified for cpu. For the specified value, maxScale may not exceed 10.\nConsider running your workload in a region with greater capacity, decreasing your requested cpu-per-instance, or requesting an increase in quota for this region if you are seeing sustained usage near this limit, see https://cloud.google.com/run/quotas. Your project may gain access to further scaling by adding billing information to your account.",
            "status": "INVALID_ARGUMENT"
          }
        },
        "response": {
          "statusCode": 400
        }
      },
      "exit": 1,
      "message": "HTTP Error: 400, Could not create Cloud Run service geocode. spec.template.spec.containers.resources.limits.cpu: Invalid value specified for cpu. For the specified value, maxScale may not exceed 10.\nConsider running your workload in a region with greater capacity, decreasing your requested cpu-per-instance, or requesting an increase in quota for this region if you are seeing sustained usage near this limit, see https://cloud.google.com/run/quotas. Your project may gain access to further scaling by adding billing information to your account.",
      "status": 400
    },
    "status": 400
  }
}
[debug] [2023-05-21T14:03:32.667Z] {
  "endpoint": {
    "id": "placesNearby",
    "project": "mealstogo-af12c",
    "region": "us-central1",
    "entryPoint": "placesNearby",
    "platform": "gcfv2",
    "runtime": "nodejs18",
    "httpsTrigger": {},
    "labels": {
      "deployment-tool": "cli-firebase"
    },
    "serviceAccount": null,
    "ingressSettings": null,
    "availableMemoryMb": null,
    "timeoutSeconds": null,
    "maxInstances": null,
    "minInstances": null,
    "concurrency": 80,
    "vpc": null,
    "environmentVariables": {
      "FIREBASE_CONFIG": "{\"projectId\":\"mealstogo-af12c\",\"storageBucket\":\"mealstogo-af12c.appspot.com\"}",
      "GCLOUD_PROJECT": "mealstogo-af12c",
      "EVENTARC_CLOUD_EVENT_SOURCE": "projects/mealstogo-af12c/locations/us-central1/services/placesNearby"
    },
    "codebase": "default",
    "cpu": 1,
    "targetedByOnly": false,
    "hash": "6892d25b6a7727ab01db779dfba1c36742f871be"
  },
  "op": "create",
  "original": {
    "name": "FirebaseError",
    "children": [],
    "context": {
      "function": "projects/mealstogo-af12c/locations/us-central1/functions/placesNearby"
    },
    "exit": 1,
    "message": "Failed to create function projects/mealstogo-af12c/locations/us-central1/functions/placesNearby",
    "original": {
      "name": "FirebaseError",
      "children": [],
      "context": {
        "body": {
          "error": {
            "code": 400,
            "message": "Could not create Cloud Run service placesnearby. spec.template.spec.containers.resources.limits.cpu: Invalid value specified for cpu. For the specified value, maxScale may not exceed 10.\nConsider running your workload in a region with greater capacity, decreasing your requested cpu-per-instance, or requesting an increase in quota for this region if you are seeing sustained usage near this limit, see https://cloud.google.com/run/quotas. Your project may gain access to further scaling by adding billing information to your account.",
            "status": "INVALID_ARGUMENT"
          }
        },
        "response": {
          "statusCode": 400
        }
      },
      "exit": 1,
      "message": "HTTP Error: 400, Could not create Cloud Run service placesnearby. spec.template.spec.containers.resources.limits.cpu: Invalid value specified for cpu. For the specified value, maxScale may not exceed 10.\nConsider running your workload in a region with greater capacity, decreasing your requested cpu-per-instance, or requesting an increase in quota for this region if you are seeing sustained usage near this limit, see https://cloud.google.com/run/quotas. Your project may gain access to further scaling by adding billing information to your account.",
      "status": 400
    },
    "status": 400
  }
}
[error] Error: There was an error deploying functions:
[error] - Error Failed to create function geoCode in region us-central1
[error] - Error Failed to create function placesNearby in region us-central1
[debug] [2023-05-21T14:07:49.049Z] ----------------------------------------------------------------------
[debug] [2023-05-21T14:07:49.052Z] Command:       /usr/local/bin/node /usr/local/bin/firebase deploy --only functions
[debug] [2023-05-21T14:07:49.052Z] CLI Version:   12.1.0
[debug] [2023-05-21T14:07:49.053Z] Platform:      darwin
[debug] [2023-05-21T14:07:49.053Z] Node Version:  v18.13.0
[debug] [2023-05-21T14:07:49.055Z] Time:          Sun May 21 2023 15:07:49 GMT+0100 (West Africa Standard Time)
[debug] [2023-05-21T14:07:49.055Z] ----------------------------------------------------------------------
[debug] 
[debug] [2023-05-21T14:07:49.137Z] > command requires scopes: ["email","openid","https://www.googleapis.com/auth/cloudplatformprojects.readonly","https://www.googleapis.com/auth/firebase","https://www.googleapis.com/auth/cloud-platform"]
[debug] [2023-05-21T14:07:49.138Z] > authorizing via signed-in user (hameed.jimoh1601@gmail.com)
[debug] [2023-05-21T14:07:49.138Z] [iam] checking project mealstogo-af12c for permissions ["cloudfunctions.functions.create","cloudfunctions.functions.delete","cloudfunctions.functions.get","cloudfunctions.functions.list","cloudfunctions.functions.update","cloudfunctions.operations.get","firebase.projects.get"]
[debug] [2023-05-21T14:07:49.141Z] >>> [apiv2][query] POST https://cloudresourcemanager.googleapis.com/v1/projects/mealstogo-af12c:testIamPermissions [none]
[debug] [2023-05-21T14:07:49.141Z] >>> [apiv2][(partial)header] POST https://cloudresourcemanager.googleapis.com/v1/projects/mealstogo-af12c:testIamPermissions x-goog-quota-user=projects/mealstogo-af12c
[debug] [2023-05-21T14:07:49.142Z] >>> [apiv2][body] POST https://cloudresourcemanager.googleapis.com/v1/projects/mealstogo-af12c:testIamPermissions {"permissions":["cloudfunctions.functions.create","cloudfunctions.functions.delete","cloudfunctions.functions.get","cloudfunctions.functions.list","cloudfunctions.functions.update","cloudfunctions.operations.get","firebase.projects.get"]}
[debug] [2023-05-21T14:07:50.299Z] <<< [apiv2][status] POST https://cloudresourcemanager.googleapis.com/v1/projects/mealstogo-af12c:testIamPermissions 200
[debug] [2023-05-21T14:07:50.300Z] <<< [apiv2][body] POST https://cloudresourcemanager.googleapis.com/v1/projects/mealstogo-af12c:testIamPermissions {"permissions":["cloudfunctions.functions.create","cloudfunctions.functions.delete","cloudfunctions.functions.get","cloudfunctions.functions.list","cloudfunctions.functions.update","cloudfunctions.operations.get","firebase.projects.get"]}
[debug] [2023-05-21T14:07:50.300Z] >>> [apiv2][query] POST https://iam.googleapis.com/v1/projects/mealstogo-af12c/serviceAccounts/mealstogo-af12c@appspot.gserviceaccount.com:testIamPermissions [none]
[debug] [2023-05-21T14:07:50.300Z] >>> [apiv2][body] POST https://iam.googleapis.com/v1/projects/mealstogo-af12c/serviceAccounts/mealstogo-af12c@appspot.gserviceaccount.com:testIamPermissions {"permissions":["iam.serviceAccounts.actAs"]}
[debug] [2023-05-21T14:07:51.313Z] <<< [apiv2][status] POST https://iam.googleapis.com/v1/projects/mealstogo-af12c/serviceAccounts/mealstogo-af12c@appspot.gserviceaccount.com:testIamPermissions 200
[debug] [2023-05-21T14:07:51.314Z] <<< [apiv2][body] POST https://iam.googleapis.com/v1/projects/mealstogo-af12c/serviceAccounts/mealstogo-af12c@appspot.gserviceaccount.com:testIamPermissions {"permissions":["iam.serviceAccounts.actAs"]}
[info] 
[info] === Deploying to 'mealstogo-af12c'...
[info] 
[info] i  deploying functions 
[debug] [2023-05-21T14:07:51.318Z] >>> [apiv2][query] GET https://firebase.googleapis.com/v1beta1/projects/mealstogo-af12c [none]
[debug] [2023-05-21T14:07:52.135Z] <<< [apiv2][status] GET https://firebase.googleapis.com/v1beta1/projects/mealstogo-af12c 200
[debug] [2023-05-21T14:07:52.135Z] <<< [apiv2][body] GET https://firebase.googleapis.com/v1beta1/projects/mealstogo-af12c {"projectId":"mealstogo-af12c","projectNumber":"106162015833","displayName":"MealsToGo","name":"projects/mealstogo-af12c","resources":{"hostingSite":"mealstogo-af12c"},"state":"ACTIVE","etag":"1_0dac6c1f-f428-4d83-af2b-834cf0432f04"}
[info] i  functions: preparing codebase default for deployment 
[info] i  functions: ensuring required API cloudfunctions.googleapis.com is enabled... 
[info] i  functions: ensuring required API cloudbuild.googleapis.com is enabled... 
[info] i  artifactregistry: ensuring required API artifactregistry.googleapis.com is enabled... 
[debug] [2023-05-21T14:07:52.139Z] >>> [apiv2][query] GET https://serviceusage.googleapis.com/v1/projects/mealstogo-af12c/services/cloudfunctions.googleapis.com [none]
[debug] [2023-05-21T14:07:52.139Z] >>> [apiv2][(partial)header] GET https://serviceusage.googleapis.com/v1/projects/mealstogo-af12c/services/cloudfunctions.googleapis.com x-goog-quota-user=projects/mealstogo-af12c
[debug] [2023-05-21T14:07:52.141Z] >>> [apiv2][query] GET https://serviceusage.googleapis.com/v1/projects/mealstogo-af12c/services/runtimeconfig.googleapis.com [none]
[debug] [2023-05-21T14:07:52.141Z] >>> [apiv2][(partial)header] GET https://serviceusage.googleapis.com/v1/projects/mealstogo-af12c/services/runtimeconfig.googleapis.com x-goog-quota-user=projects/mealstogo-af12c
[debug] [2023-05-21T14:07:52.143Z] >>> [apiv2][query] GET https://serviceusage.googleapis.com/v1/projects/mealstogo-af12c/services/cloudbuild.googleapis.com [none]
[debug] [2023-05-21T14:07:52.143Z] >>> [apiv2][(partial)header] GET https://serviceusage.googleapis.com/v1/projects/mealstogo-af12c/services/cloudbuild.googleapis.com x-goog-quota-user=projects/mealstogo-af12c
[debug] [2023-05-21T14:07:52.144Z] >>> [apiv2][query] GET https://serviceusage.googleapis.com/v1/projects/mealstogo-af12c/services/artifactregistry.googleapis.com [none]
[debug] [2023-05-21T14:07:52.144Z] >>> [apiv2][(partial)header] GET https://serviceusage.googleapis.com/v1/projects/mealstogo-af12c/services/artifactregistry.googleapis.com x-goog-quota-user=projects/mealstogo-af12c
[debug] [2023-05-21T14:07:53.341Z] <<< [apiv2][status] GET https://serviceusage.googleapis.com/v1/projects/mealstogo-af12c/services/artifactregistry.googleapis.com 200
[debug] [2023-05-21T14:07:53.342Z] <<< [apiv2][body] GET https://serviceusage.googleapis.com/v1/projects/mealstogo-af12c/services/artifactregistry.googleapis.com [omitted]
[info] ✔  artifactregistry: required API artifactregistry.googleapis.com is enabled 
[debug] [2023-05-21T14:07:53.367Z] <<< [apiv2][status] GET https://serviceusage.googleapis.com/v1/projects/mealstogo-af12c/services/cloudbuild.googleapis.com 200
[debug] [2023-05-21T14:07:53.367Z] <<< [apiv2][body] GET https://serviceusage.googleapis.com/v1/projects/mealstogo-af12c/services/cloudbuild.googleapis.com [omitted]
[info] ✔  functions: required API cloudbuild.googleapis.com is enabled 
[debug] [2023-05-21T14:07:53.389Z] <<< [apiv2][status] GET https://serviceusage.googleapis.com/v1/projects/mealstogo-af12c/services/runtimeconfig.googleapis.com 200
[debug] [2023-05-21T14:07:53.389Z] <<< [apiv2][body] GET https://serviceusage.googleapis.com/v1/projects/mealstogo-af12c/services/runtimeconfig.googleapis.com [omitted]
[debug] [2023-05-21T14:07:53.457Z] <<< [apiv2][status] GET https://serviceusage.googleapis.com/v1/projects/mealstogo-af12c/services/cloudfunctions.googleapis.com 200
[debug] [2023-05-21T14:07:53.457Z] <<< [apiv2][body] GET https://serviceusage.googleapis.com/v1/projects/mealstogo-af12c/services/cloudfunctions.googleapis.com [omitted]
[info] ✔  functions: required API cloudfunctions.googleapis.com is enabled 
[debug] [2023-05-21T14:07:53.469Z] >>> [apiv2][query] GET https://firebase.googleapis.com/v1beta1/projects/mealstogo-af12c/adminSdkConfig [none]
[debug] [2023-05-21T14:07:54.078Z] <<< [apiv2][status] GET https://firebase.googleapis.com/v1beta1/projects/mealstogo-af12c/adminSdkConfig 200
[debug] [2023-05-21T14:07:54.079Z] <<< [apiv2][body] GET https://firebase.googleapis.com/v1beta1/projects/mealstogo-af12c/adminSdkConfig {"projectId":"mealstogo-af12c","storageBucket":"mealstogo-af12c.appspot.com"}
[debug] [2023-05-21T14:07:54.079Z] >>> [apiv2][query] GET https://runtimeconfig.googleapis.com/v1beta1/projects/mealstogo-af12c/configs [none]
[debug] [2023-05-21T14:07:54.635Z] <<< [apiv2][status] GET https://runtimeconfig.googleapis.com/v1beta1/projects/mealstogo-af12c/configs 200
[debug] [2023-05-21T14:07:54.635Z] <<< [apiv2][body] GET https://runtimeconfig.googleapis.com/v1beta1/projects/mealstogo-af12c/configs {}
[debug] [2023-05-21T14:07:54.637Z] Validating nodejs source
[debug] [2023-05-21T14:07:56.179Z] > [functions] package.json contents: {
  "name": "functions",
  "description": "Cloud Functions for Firebase",
  "scripts": {
    "serve": "firebase emulators:start --only functions",
    "shell": "firebase functions:shell",
    "start": "npm run shell",
    "deploy": "firebase deploy --only functions",
    "logs": "firebase functions:log"
  },
  "engines": {
    "node": "18"
  },
  "main": "index.js",
  "dependencies": {
    "cors": "^2.8.5",
    "firebase-admin": "^11.8.0",
    "firebase-functions": "^4.3.1"
  },
  "devDependencies": {
    "firebase-functions-test": "^3.1.0"
  },
  "private": true
}
[debug] [2023-05-21T14:07:56.180Z] Building nodejs source
[debug] [2023-05-21T14:07:56.181Z] Could not find functions.yaml. Must use http discovery
[debug] [2023-05-21T14:07:56.195Z] Found firebase-functions binary at '/Users/admin/Documents/mobile-projects/MealsToGo/functions/node_modules/.bin/firebase-functions'
[debug] [2023-05-21T14:07:56.543Z] Serving at port 8263

[debug] [2023-05-21T14:07:56.820Z] Got response from /__/functions.yaml {"endpoints":{"geoCode":{"availableMemoryMb":null,"timeoutSeconds":null,"minInstances":null,"maxInstances":null,"ingressSettings":null,"concurrency":null,"serviceAccountEmail":null,"vpc":null,"platform":"gcfv2","labels":{},"httpsTrigger":{},"entryPoint":"geoCode"},"placesNearby":{"availableMemoryMb":null,"timeoutSeconds":null,"minInstances":null,"maxInstances":null,"ingressSettings":null,"concurrency":null,"serviceAccountEmail":null,"vpc":null,"platform":"gcfv2","labels":{},"httpsTrigger":{},"entryPoint":"placesNearby"}},"specVersion":"v1alpha1","requiredAPIs":[]}
[debug] [2023-05-21T14:07:56.829Z] shutdown requested via /__/quitquitquit

[info] i  functions: preparing functions directory for uploading... 
[info] i  functions: packaged /Users/admin/Documents/mobile-projects/MealsToGo/functions (52.83 KB) for uploading 
[debug] [2023-05-21T14:07:56.930Z] >>> [apiv2][query] GET https://cloudfunctions.googleapis.com/v1/projects/mealstogo-af12c/locations/-/functions [none]
[debug] [2023-05-21T14:07:58.069Z] <<< [apiv2][status] GET https://cloudfunctions.googleapis.com/v1/projects/mealstogo-af12c/locations/-/functions 200
[debug] [2023-05-21T14:07:58.069Z] <<< [apiv2][body] GET https://cloudfunctions.googleapis.com/v1/projects/mealstogo-af12c/locations/-/functions {}
[debug] [2023-05-21T14:07:58.070Z] >>> [apiv2][query] GET https://cloudfunctions.googleapis.com/v2/projects/mealstogo-af12c/locations/-/functions filter=environment%3D%22GEN_2%22
[debug] [2023-05-21T14:07:59.504Z] <<< [apiv2][status] GET https://cloudfunctions.googleapis.com/v2/projects/mealstogo-af12c/locations/-/functions 200
[debug] [2023-05-21T14:07:59.504Z] <<< [apiv2][body] GET https://cloudfunctions.googleapis.com/v2/projects/mealstogo-af12c/locations/-/functions {}
[info] i  functions: ensuring required API run.googleapis.com is enabled... 
[info] i  functions: ensuring required API eventarc.googleapis.com is enabled... 
[info] i  functions: ensuring required API pubsub.googleapis.com is enabled... 
[info] i  functions: ensuring required API storage.googleapis.com is enabled... 
[debug] [2023-05-21T14:07:59.508Z] >>> [apiv2][query] GET https://serviceusage.googleapis.com/v1/projects/mealstogo-af12c/services/run.googleapis.com [none]
[debug] [2023-05-21T14:07:59.508Z] >>> [apiv2][(partial)header] GET https://serviceusage.googleapis.com/v1/projects/mealstogo-af12c/services/run.googleapis.com x-goog-quota-user=projects/mealstogo-af12c
[debug] [2023-05-21T14:07:59.510Z] >>> [apiv2][query] GET https://serviceusage.googleapis.com/v1/projects/mealstogo-af12c/services/eventarc.googleapis.com [none]
[debug] [2023-05-21T14:07:59.511Z] >>> [apiv2][(partial)header] GET https://serviceusage.googleapis.com/v1/projects/mealstogo-af12c/services/eventarc.googleapis.com x-goog-quota-user=projects/mealstogo-af12c
[debug] [2023-05-21T14:07:59.513Z] >>> [apiv2][query] GET https://serviceusage.googleapis.com/v1/projects/mealstogo-af12c/services/pubsub.googleapis.com [none]
[debug] [2023-05-21T14:07:59.513Z] >>> [apiv2][(partial)header] GET https://serviceusage.googleapis.com/v1/projects/mealstogo-af12c/services/pubsub.googleapis.com x-goog-quota-user=projects/mealstogo-af12c
[debug] [2023-05-21T14:07:59.516Z] >>> [apiv2][query] GET https://serviceusage.googleapis.com/v1/projects/mealstogo-af12c/services/storage.googleapis.com [none]
[debug] [2023-05-21T14:07:59.516Z] >>> [apiv2][(partial)header] GET https://serviceusage.googleapis.com/v1/projects/mealstogo-af12c/services/storage.googleapis.com x-goog-quota-user=projects/mealstogo-af12c
[debug] [2023-05-21T14:08:00.941Z] <<< [apiv2][status] GET https://serviceusage.googleapis.com/v1/projects/mealstogo-af12c/services/pubsub.googleapis.com 200
[debug] [2023-05-21T14:08:00.941Z] <<< [apiv2][body] GET https://serviceusage.googleapis.com/v1/projects/mealstogo-af12c/services/pubsub.googleapis.com [omitted]
[info] ✔  functions: required API pubsub.googleapis.com is enabled 
[debug] [2023-05-21T14:08:00.942Z] <<< [apiv2][status] GET https://serviceusage.googleapis.com/v1/projects/mealstogo-af12c/services/storage.googleapis.com 200
[debug] [2023-05-21T14:08:00.942Z] <<< [apiv2][body] GET https://serviceusage.googleapis.com/v1/projects/mealstogo-af12c/services/storage.googleapis.com [omitted]
[info] ✔  functions: required API storage.googleapis.com is enabled 
[debug] [2023-05-21T14:08:00.942Z] <<< [apiv2][status] GET https://serviceusage.googleapis.com/v1/projects/mealstogo-af12c/services/eventarc.googleapis.com 200
[debug] [2023-05-21T14:08:00.942Z] <<< [apiv2][body] GET https://serviceusage.googleapis.com/v1/projects/mealstogo-af12c/services/eventarc.googleapis.com [omitted]
[info] ✔  functions: required API eventarc.googleapis.com is enabled 
[debug] [2023-05-21T14:08:00.944Z] <<< [apiv2][status] GET https://serviceusage.googleapis.com/v1/projects/mealstogo-af12c/services/run.googleapis.com 200
[debug] [2023-05-21T14:08:00.944Z] <<< [apiv2][body] GET https://serviceusage.googleapis.com/v1/projects/mealstogo-af12c/services/run.googleapis.com [omitted]
[info] ✔  functions: required API run.googleapis.com is enabled 
[info] i  functions: generating the service identity for pubsub.googleapis.com... 
[info] i  functions: generating the service identity for eventarc.googleapis.com... 
[debug] [2023-05-21T14:08:00.945Z] >>> [apiv2][query] POST https://serviceusage.googleapis.com/v1beta1/projects/106162015833/services/pubsub.googleapis.com:generateServiceIdentity [none]
[debug] [2023-05-21T14:08:00.947Z] >>> [apiv2][query] POST https://serviceusage.googleapis.com/v1beta1/projects/106162015833/services/eventarc.googleapis.com:generateServiceIdentity [none]
[debug] [2023-05-21T14:08:02.206Z] <<< [apiv2][status] POST https://serviceusage.googleapis.com/v1beta1/projects/106162015833/services/eventarc.googleapis.com:generateServiceIdentity 200
[debug] [2023-05-21T14:08:02.206Z] <<< [apiv2][body] POST https://serviceusage.googleapis.com/v1beta1/projects/106162015833/services/eventarc.googleapis.com:generateServiceIdentity {"name":"operations/finished.DONE_OPERATION","done":true,"response":{"@type":"type.googleapis.com/google.api.serviceusage.v1beta1.ServiceIdentity","email":"service-106162015833@gcp-sa-eventarc.iam.gserviceaccount.com","uniqueId":"106717973051731262714"}}
[debug] [2023-05-21T14:08:02.224Z] <<< [apiv2][status] POST https://serviceusage.googleapis.com/v1beta1/projects/106162015833/services/pubsub.googleapis.com:generateServiceIdentity 200
[debug] [2023-05-21T14:08:02.224Z] <<< [apiv2][body] POST https://serviceusage.googleapis.com/v1beta1/projects/106162015833/services/pubsub.googleapis.com:generateServiceIdentity {"name":"operations/finished.DONE_OPERATION","done":true,"response":{"@type":"type.googleapis.com/google.api.serviceusage.v1beta1.ServiceIdentity","email":"service-106162015833@gcp-sa-pubsub.iam.gserviceaccount.com","uniqueId":"103419422832043636755"}}
[debug] [2023-05-21T14:08:02.226Z] >>> [apiv2][query] GET https://firebase.googleapis.com/v1beta1/projects/mealstogo-af12c [none]
[debug] [2023-05-21T14:08:02.915Z] <<< [apiv2][status] GET https://firebase.googleapis.com/v1beta1/projects/mealstogo-af12c 200
[debug] [2023-05-21T14:08:02.916Z] <<< [apiv2][body] GET https://firebase.googleapis.com/v1beta1/projects/mealstogo-af12c {"projectId":"mealstogo-af12c","projectNumber":"106162015833","displayName":"MealsToGo","name":"projects/mealstogo-af12c","resources":{"hostingSite":"mealstogo-af12c"},"state":"ACTIVE","etag":"1_0dac6c1f-f428-4d83-af2b-834cf0432f04"}
[debug] [2023-05-21T14:08:02.917Z] [functions] found 2 new HTTP functions, testing setIamPolicy permission...
[debug] [2023-05-21T14:08:02.917Z] >>> [apiv2][query] POST https://cloudresourcemanager.googleapis.com/v1/projects/mealstogo-af12c:testIamPermissions [none]
[debug] [2023-05-21T14:08:02.917Z] >>> [apiv2][(partial)header] POST https://cloudresourcemanager.googleapis.com/v1/projects/mealstogo-af12c:testIamPermissions x-goog-quota-user=projects/mealstogo-af12c
[debug] [2023-05-21T14:08:02.917Z] >>> [apiv2][body] POST https://cloudresourcemanager.googleapis.com/v1/projects/mealstogo-af12c:testIamPermissions {"permissions":["cloudfunctions.functions.setIamPolicy"]}
[debug] [2023-05-21T14:08:03.863Z] <<< [apiv2][status] POST https://cloudresourcemanager.googleapis.com/v1/projects/mealstogo-af12c:testIamPermissions 200
[debug] [2023-05-21T14:08:03.863Z] <<< [apiv2][body] POST https://cloudresourcemanager.googleapis.com/v1/projects/mealstogo-af12c:testIamPermissions {"permissions":["cloudfunctions.functions.setIamPolicy"]}
[debug] [2023-05-21T14:08:03.863Z] [functions] found setIamPolicy permission, proceeding with deploy
[debug] [2023-05-21T14:08:03.864Z] >>> [apiv2][query] POST https://cloudfunctions.googleapis.com/v2/projects/mealstogo-af12c/locations/us-central1/functions:generateUploadUrl [none]
[debug] [2023-05-21T14:08:05.238Z] <<< [apiv2][status] POST https://cloudfunctions.googleapis.com/v2/projects/mealstogo-af12c/locations/us-central1/functions:generateUploadUrl 200
[debug] [2023-05-21T14:08:05.238Z] <<< [apiv2][body] POST https://cloudfunctions.googleapis.com/v2/projects/mealstogo-af12c/locations/us-central1/functions:generateUploadUrl {"uploadUrl":"https://storage.googleapis.com/gcf-v2-uploads-106162015833-us-central1/aca5ae3a-c2fc-4f3a-94b4-cc36b408120f.zip?GoogleAccessId=service-106162015833@gcf-admin-robot.iam.gserviceaccount.com&Expires=1684679885&Signature=jOHS2kxn%2BjFJNKbyn5KITltTyTWuuTHyZOn6XIGe7wgOhqUSJ6J%2BjDsE1ZGJoRWvXJ1MZS0Euo%2Brujorri6bmXt5TRKxLTqptf%2BZRGmHsw0HTnWB2ORNTL6udlQ4SdJpmesArUjCkQfXSa%2FsWnfOM%2BzoDsyo7B%2BP5D5ZXI4tGNpjPYPOgYXDoBJ0nj%2FMU4Km3KNtGZTCymksYwBO8zLQPwhMoDCRcdFLWoglIoeQajkApYWasb2RJg%2F2ghieylFDAT%2BABe6pz8%2BrWG64nADZVp%2F7bGRp%2FUoWOt4rJb2v8Ha3D8%2FUqJ1yScDFxj8J8K%2FE%2B82BUT%2FagoAY5H0YhckISg%3D%3D","storageSource":{"bucket":"gcf-v2-uploads-106162015833-us-central1","object":"aca5ae3a-c2fc-4f3a-94b4-cc36b408120f.zip"}}
[debug] [2023-05-21T14:08:05.239Z] >>> [apiv2][query] PUT https://storage.googleapis.com/gcf-v2-uploads-106162015833-us-central1/aca5ae3a-c2fc-4f3a-94b4-cc36b408120f.zip GoogleAccessId=service-106162015833%40gcf-admin-robot.iam.gserviceaccount.com&Expires=1684679885&Signature=jOHS2kxn%2BjFJNKbyn5KITltTyTWuuTHyZOn6XIGe7wgOhqUSJ6J%2BjDsE1ZGJoRWvXJ1MZS0Euo%2Brujorri6bmXt5TRKxLTqptf%2BZRGmHsw0HTnWB2ORNTL6udlQ4SdJpmesArUjCkQfXSa%2FsWnfOM%2BzoDsyo7B%2BP5D5ZXI4tGNpjPYPOgYXDoBJ0nj%2FMU4Km3KNtGZTCymksYwBO8zLQPwhMoDCRcdFLWoglIoeQajkApYWasb2RJg%2F2ghieylFDAT%2BABe6pz8%2BrWG64nADZVp%2F7bGRp%2FUoWOt4rJb2v8Ha3D8%2FUqJ1yScDFxj8J8K%2FE%2B82BUT%2FagoAY5H0YhckISg%3D%3D
[debug] [2023-05-21T14:08:05.240Z] >>> [apiv2][body] PUT https://storage.googleapis.com/gcf-v2-uploads-106162015833-us-central1/aca5ae3a-c2fc-4f3a-94b4-cc36b408120f.zip [stream]
[debug] [2023-05-21T14:08:06.069Z] <<< [apiv2][status] PUT https://storage.googleapis.com/gcf-v2-uploads-106162015833-us-central1/aca5ae3a-c2fc-4f3a-94b4-cc36b408120f.zip 200
[debug] [2023-05-21T14:08:06.070Z] <<< [apiv2][body] PUT https://storage.googleapis.com/gcf-v2-uploads-106162015833-us-central1/aca5ae3a-c2fc-4f3a-94b4-cc36b408120f.zip [omitted]
[info] ✔  functions: functions folder uploaded successfully 
[info] i  functions: creating Node.js 18 function geoCode(us-central1)... 
[info] i  functions: creating Node.js 18 function placesNearby(us-central1)... 
[debug] [2023-05-21T14:08:06.076Z] >>> [apiv2][query] POST https://cloudfunctions.googleapis.com/v2/projects/mealstogo-af12c/locations/us-central1/functions functionId=geoCode
[debug] [2023-05-21T14:08:06.077Z] >>> [apiv2][body] POST https://cloudfunctions.googleapis.com/v2/projects/mealstogo-af12c/locations/us-central1/functions {"name":"projects/mealstogo-af12c/locations/us-central1/functions/geoCode","buildConfig":{"runtime":"nodejs18","entryPoint":"geoCode","source":{"storageSource":{"bucket":"gcf-v2-uploads-106162015833-us-central1","object":"aca5ae3a-c2fc-4f3a-94b4-cc36b408120f.zip"}},"environmentVariables":{"GOOGLE_NODE_RUN_SCRIPTS":""}},"serviceConfig":{"environmentVariables":{"FIREBASE_CONFIG":"{\"projectId\":\"mealstogo-af12c\",\"storageBucket\":\"mealstogo-af12c.appspot.com\"}","GCLOUD_PROJECT":"mealstogo-af12c","EVENTARC_CLOUD_EVENT_SOURCE":"projects/mealstogo-af12c/locations/us-central1/services/geoCode"},"ingressSettings":null,"timeoutSeconds":null,"serviceAccountEmail":null,"availableMemory":"256Mi","minInstanceCount":null,"maxInstanceCount":null,"maxInstanceRequestConcurrency":80,"availableCpu":"1","vpcConnector":null,"vpcConnectorEgressSettings":null},"labels":{"deployment-tool":"cli-firebase","firebase-functions-hash":"6892d25b6a7727ab01db779dfba1c36742f871be"}}
[debug] [2023-05-21T14:08:06.080Z] >>> [apiv2][query] POST https://cloudfunctions.googleapis.com/v2/projects/mealstogo-af12c/locations/us-central1/functions functionId=placesNearby
[debug] [2023-05-21T14:08:06.080Z] >>> [apiv2][body] POST https://cloudfunctions.googleapis.com/v2/projects/mealstogo-af12c/locations/us-central1/functions {"name":"projects/mealstogo-af12c/locations/us-central1/functions/placesNearby","buildConfig":{"runtime":"nodejs18","entryPoint":"placesNearby","source":{"storageSource":{"bucket":"gcf-v2-uploads-106162015833-us-central1","object":"aca5ae3a-c2fc-4f3a-94b4-cc36b408120f.zip"}},"environmentVariables":{"GOOGLE_NODE_RUN_SCRIPTS":""}},"serviceConfig":{"environmentVariables":{"FIREBASE_CONFIG":"{\"projectId\":\"mealstogo-af12c\",\"storageBucket\":\"mealstogo-af12c.appspot.com\"}","GCLOUD_PROJECT":"mealstogo-af12c","EVENTARC_CLOUD_EVENT_SOURCE":"projects/mealstogo-af12c/locations/us-central1/services/placesNearby"},"ingressSettings":null,"timeoutSeconds":null,"serviceAccountEmail":null,"availableMemory":"256Mi","minInstanceCount":null,"maxInstanceCount":null,"maxInstanceRequestConcurrency":80,"availableCpu":"1","vpcConnector":null,"vpcConnectorEgressSettings":null},"labels":{"deployment-tool":"cli-firebase","firebase-functions-hash":"6892d25b6a7727ab01db779dfba1c36742f871be"}}
[debug] [2023-05-21T14:08:07.697Z] <<< [apiv2][status] POST https://cloudfunctions.googleapis.com/v2/projects/mealstogo-af12c/locations/us-central1/functions 400
[debug] [2023-05-21T14:08:07.697Z] <<< [apiv2][body] POST https://cloudfunctions.googleapis.com/v2/projects/mealstogo-af12c/locations/us-central1/functions {"error":{"code":400,"message":"Could not create Cloud Run service geocode. spec.template.spec.containers.resources.limits.cpu: Invalid value specified for cpu. For the specified value, maxScale may not exceed 10.\nConsider running your workload in a region with greater capacity, decreasing your requested cpu-per-instance, or requesting an increase in quota for this region if you are seeing sustained usage near this limit, see https://cloud.google.com/run/quotas. Your project may gain access to further scaling by adding billing information to your account.","status":"INVALID_ARGUMENT"}}
[warn] ⚠  functions: HTTP Error: 400, Could not create Cloud Run service geocode. spec.template.spec.containers.resources.limits.cpu: Invalid value specified for cpu. For the specified value, maxScale may not exceed 10.
Consider running your workload in a region with greater capacity, decreasing your requested cpu-per-instance, or requesting an increase in quota for this region if you are seeing sustained usage near this limit, see https://cloud.google.com/run/quotas. Your project may gain access to further scaling by adding billing information to your account. 
[warn] ⚠  functions: failed to create function projects/mealstogo-af12c/locations/us-central1/functions/geoCode 
[error] Failed to create function projects/mealstogo-af12c/locations/us-central1/functions/geoCode
[debug] [2023-05-21T14:08:07.700Z] <<< [apiv2][status] POST https://cloudfunctions.googleapis.com/v2/projects/mealstogo-af12c/locations/us-central1/functions 400
[debug] [2023-05-21T14:08:07.700Z] <<< [apiv2][body] POST https://cloudfunctions.googleapis.com/v2/projects/mealstogo-af12c/locations/us-central1/functions {"error":{"code":400,"message":"Could not create Cloud Run service placesnearby. spec.template.spec.containers.resources.limits.cpu: Invalid value specified for cpu. For the specified value, maxScale may not exceed 10.\nConsider running your workload in a region with greater capacity, decreasing your requested cpu-per-instance, or requesting an increase in quota for this region if you are seeing sustained usage near this limit, see https://cloud.google.com/run/quotas. Your project may gain access to further scaling by adding billing information to your account.","status":"INVALID_ARGUMENT"}}
[warn] ⚠  functions: HTTP Error: 400, Could not create Cloud Run service placesnearby. spec.template.spec.containers.resources.limits.cpu: Invalid value specified for cpu. For the specified value, maxScale may not exceed 10.
Consider running your workload in a region with greater capacity, decreasing your requested cpu-per-instance, or requesting an increase in quota for this region if you are seeing sustained usage near this limit, see https://cloud.google.com/run/quotas. Your project may gain access to further scaling by adding billing information to your account. 
[warn] ⚠  functions: failed to create function projects/mealstogo-af12c/locations/us-central1/functions/placesNearby 
[error] Failed to create function projects/mealstogo-af12c/locations/us-central1/functions/placesNearby
[debug] [2023-05-21T14:08:07.702Z] Total Function Deployment time: 1628
[debug] [2023-05-21T14:08:07.702Z] 2 Functions Deployed
[debug] [2023-05-21T14:08:07.702Z] 2 Functions Errored
[debug] [2023-05-21T14:08:07.702Z] 0 Function Deployments Aborted
[debug] [2023-05-21T14:08:07.702Z] Average Function Deployment time: 1625
[info] 
[info] Functions deploy had errors with the following functions:
	geoCode(us-central1)
	placesNearby(us-central1)
[debug] [2023-05-21T14:08:07.704Z] Not printing URL for HTTPS function. Typically this means it didn't match a filter or we failed deployment
[debug] [2023-05-21T14:08:07.704Z] Not printing URL for HTTPS function. Typically this means it didn't match a filter or we failed deployment
[info] i  functions: cleaning up build files... 
[debug] [2023-05-21T14:08:07.706Z] >>> [apiv2][query] DELETE https://artifactregistry.googleapis.com/v1beta2/projects/mealstogo-af12c/locations/us-central1/repositories/gcf-artifacts/packages/geo_code [none]
[debug] [2023-05-21T14:08:07.707Z] >>> [apiv2][query] DELETE https://artifactregistry.googleapis.com/v1beta2/projects/mealstogo-af12c/locations/us-central1/repositories/gcf-artifacts/packages/places_nearby [none]
[debug] [2023-05-21T14:08:07.708Z] >>> [apiv2][query] GET https://us.gcr.io/v2/mealstogo-af12c/gcf/us-central1/tags/list [none]
[debug] [2023-05-21T14:08:08.253Z] <<< [apiv2][status] GET https://us.gcr.io/v2/mealstogo-af12c/gcf/us-central1/tags/list 200
[debug] [2023-05-21T14:08:08.253Z] <<< [apiv2][body] GET https://us.gcr.io/v2/mealstogo-af12c/gcf/us-central1/tags/list {"child":[],"manifest":{},"name":"mealstogo-af12c/gcf/us-central1","tags":[]}
[debug] [2023-05-21T14:08:08.254Z] Could not find image for function projects/mealstogo-af12c/locations/us-central1/functions/geoCode
[debug] [2023-05-21T14:08:08.254Z] Could not find image for function projects/mealstogo-af12c/locations/us-central1/functions/placesNearby
[debug] [2023-05-21T14:08:08.936Z] <<< [apiv2][status] DELETE https://artifactregistry.googleapis.com/v1beta2/projects/mealstogo-af12c/locations/us-central1/repositories/gcf-artifacts/packages/geo_code 404
[debug] [2023-05-21T14:08:08.936Z] <<< [apiv2][body] DELETE https://artifactregistry.googleapis.com/v1beta2/projects/mealstogo-af12c/locations/us-central1/repositories/gcf-artifacts/packages/geo_code {"error":{"code":404,"message":"Package \"projects/mealstogo-af12c/locations/us-central1/repositories/gcf-artifacts/packages/geo_code\" was not found.","status":"NOT_FOUND"}}
[debug] [2023-05-21T14:08:08.936Z] <<< [apiv2][status] DELETE https://artifactregistry.googleapis.com/v1beta2/projects/mealstogo-af12c/locations/us-central1/repositories/gcf-artifacts/packages/places_nearby 404
[debug] [2023-05-21T14:08:08.936Z] <<< [apiv2][body] DELETE https://artifactregistry.googleapis.com/v1beta2/projects/mealstogo-af12c/locations/us-central1/repositories/gcf-artifacts/packages/places_nearby {"error":{"code":404,"message":"Package \"projects/mealstogo-af12c/locations/us-central1/repositories/gcf-artifacts/packages/places_nearby\" was not found.","status":"NOT_FOUND"}}
[debug] [2023-05-21T14:08:08.936Z] Functions deploy failed.
[debug] [2023-05-21T14:08:08.936Z] {
  "endpoint": {
    "id": "geoCode",
    "project": "mealstogo-af12c",
    "region": "us-central1",
    "entryPoint": "geoCode",
    "platform": "gcfv2",
    "runtime": "nodejs18",
    "httpsTrigger": {},
    "labels": {
      "deployment-tool": "cli-firebase"
    },
    "serviceAccount": null,
    "ingressSettings": null,
    "availableMemoryMb": null,
    "timeoutSeconds": null,
    "maxInstances": null,
    "minInstances": null,
    "concurrency": 80,
    "vpc": null,
    "environmentVariables": {
      "FIREBASE_CONFIG": "{\"projectId\":\"mealstogo-af12c\",\"storageBucket\":\"mealstogo-af12c.appspot.com\"}",
      "GCLOUD_PROJECT": "mealstogo-af12c",
      "EVENTARC_CLOUD_EVENT_SOURCE": "projects/mealstogo-af12c/locations/us-central1/services/geoCode"
    },
    "codebase": "default",
    "cpu": 1,
    "targetedByOnly": false,
    "hash": "6892d25b6a7727ab01db779dfba1c36742f871be"
  },
  "op": "create",
  "original": {
    "name": "FirebaseError",
    "children": [],
    "context": {
      "function": "projects/mealstogo-af12c/locations/us-central1/functions/geoCode"
    },
    "exit": 1,
    "message": "Failed to create function projects/mealstogo-af12c/locations/us-central1/functions/geoCode",
    "original": {
      "name": "FirebaseError",
      "children": [],
      "context": {
        "body": {
          "error": {
            "code": 400,
            "message": "Could not create Cloud Run service geocode. spec.template.spec.containers.resources.limits.cpu: Invalid value specified for cpu. For the specified value, maxScale may not exceed 10.\nConsider running your workload in a region with greater capacity, decreasing your requested cpu-per-instance, or requesting an increase in quota for this region if you are seeing sustained usage near this limit, see https://cloud.google.com/run/quotas. Your project may gain access to further scaling by adding billing information to your account.",
            "status": "INVALID_ARGUMENT"
          }
        },
        "response": {
          "statusCode": 400
        }
      },
      "exit": 1,
      "message": "HTTP Error: 400, Could not create Cloud Run service geocode. spec.template.spec.containers.resources.limits.cpu: Invalid value specified for cpu. For the specified value, maxScale may not exceed 10.\nConsider running your workload in a region with greater capacity, decreasing your requested cpu-per-instance, or requesting an increase in quota for this region if you are seeing sustained usage near this limit, see https://cloud.google.com/run/quotas. Your project may gain access to further scaling by adding billing information to your account.",
      "status": 400
    },
    "status": 400
  }
}
[debug] [2023-05-21T14:08:08.936Z] {
  "endpoint": {
    "id": "placesNearby",
    "project": "mealstogo-af12c",
    "region": "us-central1",
    "entryPoint": "placesNearby",
    "platform": "gcfv2",
    "runtime": "nodejs18",
    "httpsTrigger": {},
    "labels": {
      "deployment-tool": "cli-firebase"
    },
    "serviceAccount": null,
    "ingressSettings": null,
    "availableMemoryMb": null,
    "timeoutSeconds": null,
    "maxInstances": null,
    "minInstances": null,
    "concurrency": 80,
    "vpc": null,
    "environmentVariables": {
      "FIREBASE_CONFIG": "{\"projectId\":\"mealstogo-af12c\",\"storageBucket\":\"mealstogo-af12c.appspot.com\"}",
      "GCLOUD_PROJECT": "mealstogo-af12c",
      "EVENTARC_CLOUD_EVENT_SOURCE": "projects/mealstogo-af12c/locations/us-central1/services/placesNearby"
    },
    "codebase": "default",
    "cpu": 1,
    "targetedByOnly": false,
    "hash": "6892d25b6a7727ab01db779dfba1c36742f871be"
  },
  "op": "create",
  "original": {
    "name": "FirebaseError",
    "children": [],
    "context": {
      "function": "projects/mealstogo-af12c/locations/us-central1/functions/placesNearby"
    },
    "exit": 1,
    "message": "Failed to create function projects/mealstogo-af12c/locations/us-central1/functions/placesNearby",
    "original": {
      "name": "FirebaseError",
      "children": [],
      "context": {
        "body": {
          "error": {
            "code": 400,
            "message": "Could not create Cloud Run service placesnearby. spec.template.spec.containers.resources.limits.cpu: Invalid value specified for cpu. For the specified value, maxScale may not exceed 10.\nConsider running your workload in a region with greater capacity, decreasing your requested cpu-per-instance, or requesting an increase in quota for this region if you are seeing sustained usage near this limit, see https://cloud.google.com/run/quotas. Your project may gain access to further scaling by adding billing information to your account.",
            "status": "INVALID_ARGUMENT"
          }
        },
        "response": {
          "statusCode": 400
        }
      },
      "exit": 1,
      "message": "HTTP Error: 400, Could not create Cloud Run service placesnearby. spec.template.spec.containers.resources.limits.cpu: Invalid value specified for cpu. For the specified value, maxScale may not exceed 10.\nConsider running your workload in a region with greater capacity, decreasing your requested cpu-per-instance, or requesting an increase in quota for this region if you are seeing sustained usage near this limit, see https://cloud.google.com/run/quotas. Your project may gain access to further scaling by adding billing information to your account.",
      "status": 400
    },
    "status": 400
  }
}
[error] Error: There was an error deploying functions:
[error] - Error Failed to create function geoCode in region us-central1
[error] - Error Failed to create function placesNearby in region us-central1
